TN:
SF:ejercicio2\ejercicio2.js
FN:2,palindromo
FNF:1
FNH:1
FNDA:2,palindromo
DA:1,1
DA:2,1
DA:3,2
DA:4,2
DA:5,2
DA:6,2
DA:7,2
DA:8,2
DA:9,1
DA:10,1
DA:11,1
DA:12,1
DA:13,1
LF:13
LH:13
BRDA:2,0,0,2
BRF:1
BRH:1
end_of_record
TN:
SF:ejercicio3\ejercicio3.js
FN:2,coincidencias
FNF:1
FNH:1
FNDA:2,coincidencias
DA:1,1
DA:2,1
DA:3,2
DA:4,2
DA:5,2
DA:6,2
DA:7,2
DA:8,2
DA:9,2
DA:10,2
DA:11,2
DA:12,57
DA:13,57
DA:14,13
DA:15,57
DA:16,44
DA:17,57
DA:18,57
DA:19,2
DA:20,2
DA:21,2
DA:22,2
DA:23,2
DA:24,0
DA:25,2
DA:26,2
DA:27,2
DA:28,2
DA:29,1
DA:30,1
DA:31,1
DA:32,1
DA:33,1
DA:34,1
DA:35,1
DA:36,1
LF:36
LH:35
BRDA:2,0,0,2
BRDA:23,1,0,0
BRDA:11,2,0,57
BRDA:13,3,0,13
BRDA:15,4,0,44
BRF:5
BRH:4
end_of_record
TN:
SF:ejercicio4\ejercicio4.js
FN:2,invertir
FN:13,invert
FNF:2
FNH:2
FNDA:1,invertir
FNDA:1,invert
DA:1,1
DA:2,1
DA:3,1
DA:4,1
DA:5,1
DA:6,21
DA:7,1
DA:8,1
DA:9,1
DA:10,1
DA:11,1
DA:12,1
DA:13,1
DA:14,1
DA:15,1
DA:16,1
DA:17,1
DA:18,1
DA:19,1
DA:20,1
DA:21,1
DA:22,1
DA:23,1
LF:23
LH:23
BRDA:2,0,0,1
BRDA:5,1,0,21
BRDA:13,2,0,1
BRF:3
BRH:3
end_of_record
TN:
SF:ejercicio6\ejercicio6.js
FN:8,lado
FN:18,cuadrado
FNF:2
FNH:2
FNDA:4,lado
FNDA:2,cuadrado
DA:1,1
DA:2,1
DA:3,1
DA:4,1
DA:5,1
DA:6,1
DA:7,1
DA:8,1
DA:9,4
DA:10,4
DA:11,4
DA:12,24
DA:13,4
DA:14,4
DA:15,4
DA:16,4
DA:17,1
DA:18,1
DA:19,2
DA:20,2
DA:21,2
DA:22,2
DA:23,8
DA:24,8
DA:25,8
DA:26,8
DA:27,40
DA:28,8
DA:29,8
DA:30,8
DA:31,8
DA:32,8
DA:33,2
DA:34,2
DA:35,2
DA:36,2
DA:37,2
DA:38,2
DA:39,1
DA:40,1
DA:41,1
DA:42,1
LF:42
LH:42
BRDA:8,0,0,4
BRDA:11,1,0,24
BRDA:18,2,0,2
BRDA:22,3,0,8
BRDA:26,4,0,40
BRF:5
BRH:5
end_of_record
